<?xml version="1.0" encoding="UTF-8"?>
<!-- Generated by org.testng.reporters.JUnitXMLReporter -->
<testsuite ignored="0" hostname="VAMSI" failures="2" tests="2" name="Testfirefox" time="22.909" errors="0" timestamp="2025-09-19T13:32:09 IST">
  <testcase classname="com.testCases.LoginPageTest" name="loginPage" time="1.703">
    <failure type="java.lang.AssertionError" message="expected [http://www.automationpractice.pl/index.php?controller=my-account] but found [http://www.automationpractice.pl/index.php?controller=authentication&amp;amp;back=my-account]">
      <![CDATA[java.lang.AssertionError: expected [http://www.automationpractice.pl/index.php?controller=my-account] but found [http://www.automationpractice.pl/index.php?controller=authentication&back=my-account]
at com.testCases.LoginPageTest.loginPage(LoginPageTest.java:51)
at java.base/java.util.ArrayList.forEach(ArrayList.java:1596)
... Removed 35 stack frames]]>
    </failure>
  </testcase> <!-- loginPage -->
  <testcase classname="com.testCases.LoginPageTest" name="loginPage" time="1.685">
    <failure type="java.lang.AssertionError" message="expected [http://www.automationpractice.pl/index.php?controller=my-account] but found [http://www.automationpractice.pl/index.php?controller=authentication&amp;amp;back=my-account]">
      <![CDATA[java.lang.AssertionError: expected [http://www.automationpractice.pl/index.php?controller=my-account] but found [http://www.automationpractice.pl/index.php?controller=authentication&back=my-account]
at com.testCases.LoginPageTest.loginPage(LoginPageTest.java:51)
at java.base/java.util.ArrayList.forEach(ArrayList.java:1596)
... Removed 35 stack frames]]>
    </failure>
  </testcase> <!-- loginPage -->
</testsuite> <!-- Testfirefox -->
